<?xml version="1.0" encoding="UTF-8"?>
<testsuite name="TestSuite" time="2.388" tests="11" errors="0" skipped="0" failures="2">
  <properties>
    <property name="java.runtime.name" value="OpenJDK Runtime Environment"/>
    <property name="java.vm.version" value="10.0.2+13-Ubuntu-1ubuntu0.18.04.4"/>
    <property name="sun.boot.library.path" value="/usr/lib/jvm/java-11-openjdk-amd64/lib"/>
    <property name="maven.multiModuleProjectDirectory" value="/home/ucreate-73/Documents/Brew/Brew"/>
    <property name="java.vm.vendor" value="Oracle Corporation"/>
    <property name="java.vendor.url" value="http://java.oracle.com/"/>
    <property name="guice.disable.misplaced.annotation.check" value="true"/>
    <property name="path.separator" value=":"/>
    <property name="java.vm.name" value="OpenJDK 64-Bit Server VM"/>
    <property name="file.encoding.pkg" value="sun.io"/>
    <property name="sun.os.patch.level" value="unknown"/>
    <property name="user.country" value="IN"/>
    <property name="sun.java.launcher" value="SUN_STANDARD"/>
    <property name="java.vm.specification.name" value="Java Virtual Machine Specification"/>
    <property name="user.dir" value="/home/ucreate-73/Documents/Brew/Brew"/>
    <property name="java.vm.compressedOopsMode" value="32-bit"/>
    <property name="java.runtime.version" value="10.0.2+13-Ubuntu-1ubuntu0.18.04.4"/>
    <property name="java.awt.graphicsenv" value="sun.awt.X11GraphicsEnvironment"/>
    <property name="os.arch" value="amd64"/>
    <property name="java.io.tmpdir" value="/tmp"/>
    <property name="line.separator" value="&#10;"/>
    <property name="java.vm.specification.vendor" value="Oracle Corporation"/>
    <property name="os.name" value="Linux"/>
    <property name="classworlds.conf" value="/usr/share/maven/bin/m2.conf"/>
    <property name="sun.jnu.encoding" value="UTF-8"/>
    <property name="java.library.path" value="/usr/java/packages/lib:/usr/lib/x86_64-linux-gnu/jni:/lib/x86_64-linux-gnu:/usr/lib/x86_64-linux-gnu:/usr/lib/jni:/lib:/usr/lib"/>
    <property name="maven.conf" value="/usr/share/maven/conf"/>
    <property name="jdk.debug" value="release"/>
    <property name="java.class.version" value="54.0"/>
    <property name="java.specification.name" value="Java Platform API Specification"/>
    <property name="sun.management.compiler" value="HotSpot 64-Bit Tiered Compilers"/>
    <property name="os.version" value="4.15.0-42-generic"/>
    <property name="library.jansi.path" value="/usr/share/maven/lib/jansi-native"/>
    <property name="user.home" value="/home/ucreate-73"/>
    <property name="user.timezone" value="Asia/Kolkata"/>
    <property name="java.awt.printerjob" value="sun.print.PSPrinterJob"/>
    <property name="file.encoding" value="UTF-8"/>
    <property name="java.specification.version" value="10"/>
    <property name="user.name" value="ucreate-73"/>
    <property name="java.class.path" value="/usr/share/maven/boot/plexus-classworlds-2.x.jar"/>
    <property name="java.vm.specification.version" value="10"/>
    <property name="sun.arch.data.model" value="64"/>
    <property name="sun.java.command" value="org.codehaus.plexus.classworlds.launcher.Launcher test"/>
    <property name="java.home" value="/usr/lib/jvm/java-11-openjdk-amd64"/>
    <property name="user.language" value="en"/>
    <property name="java.specification.vendor" value="Oracle Corporation"/>
    <property name="awt.toolkit" value="sun.awt.X11.XToolkit"/>
    <property name="java.vm.info" value="mixed mode"/>
    <property name="java.version" value="10.0.2"/>
    <property name="securerandom.source" value="file:/dev/./urandom"/>
    <property name="java.vendor" value="Oracle Corporation"/>
    <property name="maven.home" value="/usr/share/maven"/>
    <property name="file.separator" value="/"/>
    <property name="java.version.date" value="2018-07-17"/>
    <property name="java.vendor.url.bug" value="http://bugreport.java.com/bugreport/"/>
    <property name="sun.io.unicode.encoding" value="UnicodeLittle"/>
    <property name="sun.cpu.endian" value="little"/>
    <property name="sun.desktop" value="gnome"/>
    <property name="sun.cpu.isalist" value=""/>
  </properties>
  <testcase name="getCssValue_TextFontSize_haveyour" classname="UITesting.HomePageUI" time="0.047"/>
  <testcase name="getCssValue__TextFontFamily_haveyour" classname="UITesting.HomePageUI" time="0.036"/>
  <testcase name="getCssValue_TextColor_haveyour" classname="UITesting.HomePageUI" time="0.034"/>
  <testcase name="getCssValue_TextFontSize_findsupplier" classname="UITesting.HomePageUI" time="0.042"/>
  <testcase name="getCssValue__TextFontFamily_findsupplier" classname="UITesting.HomePageUI" time="0.041"/>
  <testcase name="getCssValue_TextColor_findsupplier" classname="UITesting.HomePageUI" time="0.034"/>
  <testcase name="getCssValue_TextFontSize_contract" classname="UITesting.HomePageUI" time="0.043"/>
  <testcase name="getCssValue__TextFontFamily_contract" classname="UITesting.HomePageUI" time="0.033"/>
  <testcase name="getCssValue_TextColor_contract" classname="UITesting.HomePageUI" time="0.035"/>
  <testcase name="loginScenarios" classname="com.TestCases.VerifyLoginScenarios" time="0.021">
    <failure message="The driver executable does not exist: /usr/bin/chromedriver" type="java.lang.IllegalStateException"><![CDATA[java.lang.IllegalStateException: The driver executable does not exist: /usr/bin/chromedriver
	at com.google.common.base.Preconditions.checkState(Preconditions.java:588)
	at org.openqa.selenium.remote.service.DriverService.checkExecutable(DriverService.java:136)
	at org.openqa.selenium.remote.service.DriverService.findExecutable(DriverService.java:131)
	at org.openqa.selenium.chrome.ChromeDriverService.access$000(ChromeDriverService.java:33)
	at org.openqa.selenium.chrome.ChromeDriverService$Builder.findDefaultExecutable(ChromeDriverService.java:139)
	at org.openqa.selenium.remote.service.DriverService$Builder.build(DriverService.java:335)
	at org.openqa.selenium.chrome.ChromeDriverService.createDefaultService(ChromeDriverService.java:89)
	at org.openqa.selenium.chrome.ChromeDriver.<init>(ChromeDriver.java:123)
	at utility.BrowserFactory.startBrowser(BrowserFactory.java:22)
	at com.TestCases.VerifyLoginScenarios.loginScenarios(VerifyLoginScenarios.java:17)
]]></failure>
  </testcase>
  <testcase name="tearDown" classname="com.TestCases.VerifyLoginScenarios" time="2.022">
    <failure type="java.lang.NullPointerException:">java.lang.NullPointerException: null
	at com.TestCases.VerifyLoginScenarios.tearDown(VerifyLoginScenarios.java:44)
</failure>
  </testcase>
</testsuite>