<?xml version="1.0" encoding="UTF-8"?>
<!-- Generated by org.testng.reporters.JUnitReportReporter -->
<testsuite hostname="ucreate73" failures="0" tests="1" name="com.TestCases.VerifyEditSupplierProfile" time="136.843" errors="0" timestamp="07 Dec 2018 04:39:45 GMT" skipped="0">
  <testcase classname="com.TestCases.VerifyEditSupplierProfile" name="EditSupplierPage" time="136.843"/>
</testsuite> <!-- com.TestCases.VerifyEditSupplierProfile -->
