<?xml version="1.0" encoding="UTF-8"?>
<!-- Generated by org.testng.reporters.JUnitReportReporter -->
<testsuite hostname="ucreate73" failures="0" tests="1" name="com.TestCases.VerifyFinalizeQuoteBuyer" time="30.097" errors="0" timestamp="07 Dec 2018 04:39:45 GMT" skipped="0">
  <testcase classname="com.TestCases.VerifyFinalizeQuoteBuyer" name="createRecipebyBuyer" time="30.097"/>
</testsuite> <!-- com.TestCases.VerifyFinalizeQuoteBuyer -->
