<?xml version="1.0" encoding="UTF-8"?>
<!-- Generated by org.testng.reporters.JUnitReportReporter -->
<testsuite hostname="ucreate73" failures="0" tests="1" name="com.TestCases.VerifyCreateQuoteFromSupplier" time="54.238" errors="0" timestamp="07 Dec 2018 04:39:45 GMT" skipped="0">
  <testcase classname="com.TestCases.VerifyCreateQuoteFromSupplier" name="createQuotebySupplier" time="54.238"/>
</testsuite> <!-- com.TestCases.VerifyCreateQuoteFromSupplier -->
