<?xml version="1.0" encoding="UTF-8"?>
<!-- Generated by org.testng.reporters.JUnitReportReporter -->
<testsuite hostname="ucreate73" failures="0" tests="1" name="com.TestCases.VerifyLoginScenarios" time="38.247" errors="0" timestamp="07 Dec 2018 07:57:25 GMT" skipped="0">
  <testcase classname="com.TestCases.VerifyLoginScenarios" name="loginScenarios" time="38.247"/>
</testsuite> <!-- com.TestCases.VerifyLoginScenarios -->
