<?xml version="1.0" encoding="UTF-8"?>
<!-- Generated by org.testng.reporters.JUnitReportReporter -->
<testsuite hostname="ucreate73" failures="0" tests="9" name="UITesting.HomePageUI" time="0.381" errors="0" timestamp="07 Dec 2018 12:38:11 GMT" skipped="0">
  <testcase classname="UITesting.HomePageUI" name="getCssValue_TextFontSize_haveyour" time="0.047"/>
  <testcase classname="UITesting.HomePageUI" name="getCssValue__TextFontFamily_haveyour" time="0.038"/>
  <testcase classname="UITesting.HomePageUI" name="getCssValue_TextColor_haveyour" time="0.048"/>
  <testcase classname="UITesting.HomePageUI" name="getCssValue_TextFontSize_findsupplier" time="0.058"/>
  <testcase classname="UITesting.HomePageUI" name="getCssValue__TextFontFamily_findsupplier" time="0.041"/>
  <testcase classname="UITesting.HomePageUI" name="getCssValue_TextColor_findsupplier" time="0.039"/>
  <testcase classname="UITesting.HomePageUI" name="getCssValue_TextFontSize_contract" time="0.042"/>
  <testcase classname="UITesting.HomePageUI" name="getCssValue__TextFontFamily_contract" time="0.035"/>
  <testcase classname="UITesting.HomePageUI" name="getCssValue_TextColor_contract" time="0.033"/>
</testsuite> <!-- UITesting.HomePageUI -->
