<?xml version="1.0" encoding="UTF-8"?>
<!-- Generated by org.testng.reporters.JUnitReportReporter -->
<testsuite hostname="ucreate73" failures="0" tests="1" name="com.TestCases.VerifyLoginScenarios" time="29.052" errors="0" timestamp="12 Dec 2018 10:03:38 GMT" skipped="0">
  <testcase classname="com.TestCases.VerifyLoginScenarios" name="loginScenarios" time="29.052"/>
</testsuite> <!-- com.TestCases.VerifyLoginScenarios -->
