<?xml version="1.0" encoding="UTF-8"?>
<!-- Generated by org.testng.reporters.JUnitReportReporter -->
<testsuite hostname="ucreate73" failures="0" tests="1" name="com.TestCases.VerifyLoginScenarios" time="30.251" errors="0" timestamp="07 Dec 2018 12:05:35 GMT" skipped="0">
  <testcase classname="com.TestCases.VerifyLoginScenarios" name="loginScenarios" time="30.251"/>
</testsuite> <!-- com.TestCases.VerifyLoginScenarios -->
