<?xml version="1.0" encoding="UTF-8"?>
<!-- Generated by org.testng.reporters.JUnitReportReporter -->
<testsuite hostname="ucreate73" failures="0" tests="1" name="com.TestCases.VerifyLoginScenarios" time="34.931" errors="0" timestamp="07 Dec 2018 12:38:11 GMT" skipped="0">
  <testcase classname="com.TestCases.VerifyLoginScenarios" name="loginScenarios" time="34.931"/>
</testsuite> <!-- com.TestCases.VerifyLoginScenarios -->
