<?xml version="1.0" encoding="UTF-8"?>
<!-- Generated by org.testng.reporters.JUnitReportReporter -->
<testsuite hostname="ucreate73" failures="0" tests="1" name="com.TestCases.VerifyLoginScenarios" time="23.345" errors="0" timestamp="06 Dec 2018 11:26:12 GMT" skipped="0">
  <testcase classname="com.TestCases.VerifyLoginScenarios" name="loginScenarios" time="23.345"/>
</testsuite> <!-- com.TestCases.VerifyLoginScenarios -->
